<?xml version="1.0" encoding="UTF-8"?>
<!-- Generated by org.testng.reporters.JUnitReportReporter -->
<testsuite hostname="DESKTOP-88V4A8K" failures="0" tests="5" name="LoginWithPOMPFMAndPCCTestNGDp" time="60.017" errors="0" timestamp="2025-08-28T07:00:38 IST" skipped="2">
  <testcase classname="LoginWithPOMPFMAndPCCTestNGDp" name="login1" time="22.092"/>
  <testcase classname="LoginWithPOMPFMAndPCCTestNGDp" name="login1" time="19.464"/>
  <testcase classname="LoginWithPOMPFMAndPCCTestNGDp" name="login1" time="18.461"/>
  <testcase classname="LoginWithPOMPFMAndPCCTestNGDp" name="login3">
    <skipped/>
  </testcase> <!-- login3 -->
  <testcase classname="LoginWithPOMPFMAndPCCTestNGDp" name="login2">
    <skipped/>
  </testcase> <!-- login2 -->
</testsuite> <!-- LoginWithPOMPFMAndPCCTestNGDp -->
